<?xml version="1.0" encoding="UTF-8"?>
<testng-results ignored="0" total="6" passed="6" failed="0" skipped="0">
  <reporter-output>
  </reporter-output>
  <suite started-at="2022-10-09T21:21:26 IST" name="Default suite" finished-at="2022-10-09T21:22:20 IST" duration-ms="53674">
    <groups>
      <group name="cucumber">
        <method signature="AbstractTestNGCucumberTests.runScenario(io.cucumber.testng.PickleWrapper,io.cucumber.testng.FeatureWrapper)[pri:0, instance:com.qa.runner.TestRunnertestng@385c9627]" name="runScenario" class="io.cucumber.testng.AbstractTestNGCucumberTests"/>
      </group> <!-- cucumber -->
    </groups>
    <test started-at="2022-10-09T21:21:26 IST" name="Default test" finished-at="2022-10-09T21:22:20 IST" duration-ms="53674">
      <class name="com.qa.runner.TestRunnertestng">
        <test-method is-config="true" signature="setUpClass(org.testng.ITestContext)[pri:0, instance:com.qa.runner.TestRunnertestng@385c9627]" started-at="2022-10-09T21:21:26 IST" name="setUpClass" finished-at="2022-10-09T21:21:27 IST" duration-ms="725" status="PASS">
          <params>
            <param index="0">
              <value>
                <![CDATA[org.testng.TestRunner@2c1d57bc]]>
              </value>
            </param>
          </params>
          <reporter-output>
          </reporter-output>
        </test-method> <!-- setUpClass -->
        <test-method signature="runScenario(io.cucumber.testng.PickleWrapper,io.cucumber.testng.FeatureWrapper)[pri:0, instance:com.qa.runner.TestRunnertestng@385c9627]" started-at="2022-10-09T21:21:27 IST" name="runScenario" description="Runs Cucumber Scenarios" data-provider="scenarios" finished-at="2022-10-09T21:21:36 IST" duration-ms="9831" status="PASS">
          <params>
            <param index="0">
              <value>
                <![CDATA["Filter"]]>
              </value>
            </param>
            <param index="1">
              <value>
                <![CDATA["Filter the Shop Page"]]>
              </value>
            </param>
          </params>
          <reporter-output>
          </reporter-output>
        </test-method> <!-- runScenario -->
        <test-method signature="runScenario(io.cucumber.testng.PickleWrapper,io.cucumber.testng.FeatureWrapper)[pri:0, instance:com.qa.runner.TestRunnertestng@385c9627]" started-at="2022-10-09T21:21:36 IST" name="runScenario" description="Runs Cucumber Scenarios" data-provider="scenarios" finished-at="2022-10-09T21:21:46 IST" duration-ms="9221" status="PASS">
          <params>
            <param index="0">
              <value>
                <![CDATA["Placing Order for an Item"]]>
              </value>
            </param>
            <param index="1">
              <value>
                <![CDATA["Placing Order"]]>
              </value>
            </param>
          </params>
          <reporter-output>
          </reporter-output>
        </test-method> <!-- runScenario -->
        <test-method signature="runScenario(io.cucumber.testng.PickleWrapper,io.cucumber.testng.FeatureWrapper)[pri:0, instance:com.qa.runner.TestRunnertestng@385c9627]" started-at="2022-10-09T21:21:46 IST" name="runScenario" description="Runs Cucumber Scenarios" data-provider="scenarios" finished-at="2022-10-09T21:21:53 IST" duration-ms="7726" status="PASS">
          <params>
            <param index="0">
              <value>
                <![CDATA["View Popular Products"]]>
              </value>
            </param>
            <param index="1">
              <value>
                <![CDATA["Popular Products"]]>
              </value>
            </param>
          </params>
          <reporter-output>
          </reporter-output>
        </test-method> <!-- runScenario -->
        <test-method signature="runScenario(io.cucumber.testng.PickleWrapper,io.cucumber.testng.FeatureWrapper)[pri:0, instance:com.qa.runner.TestRunnertestng@385c9627]" started-at="2022-10-09T21:21:53 IST" name="runScenario" description="Runs Cucumber Scenarios" data-provider="scenarios" finished-at="2022-10-09T21:22:03 IST" duration-ms="9256" status="PASS">
          <params>
            <param index="0">
              <value>
                <![CDATA["Read More"]]>
              </value>
            </param>
            <param index="1">
              <value>
                <![CDATA["Read More"]]>
              </value>
            </param>
          </params>
          <reporter-output>
          </reporter-output>
        </test-method> <!-- runScenario -->
        <test-method signature="runScenario(io.cucumber.testng.PickleWrapper,io.cucumber.testng.FeatureWrapper)[pri:0, instance:com.qa.runner.TestRunnertestng@385c9627]" started-at="2022-10-09T21:22:03 IST" name="runScenario" description="Runs Cucumber Scenarios" data-provider="scenarios" finished-at="2022-10-09T21:22:11 IST" duration-ms="8507" status="PASS">
          <params>
            <param index="0">
              <value>
                <![CDATA["Sale Display"]]>
              </value>
            </param>
            <param index="1">
              <value>
                <![CDATA["Sale"]]>
              </value>
            </param>
          </params>
          <reporter-output>
          </reporter-output>
        </test-method> <!-- runScenario -->
        <test-method signature="runScenario(io.cucumber.testng.PickleWrapper,io.cucumber.testng.FeatureWrapper)[pri:0, instance:com.qa.runner.TestRunnertestng@385c9627]" started-at="2022-10-09T21:22:11 IST" name="runScenario" description="Runs Cucumber Scenarios" data-provider="scenarios" finished-at="2022-10-09T21:22:19 IST" duration-ms="8154" status="PASS">
          <params>
            <param index="0">
              <value>
                <![CDATA["Viewing a Product"]]>
              </value>
            </param>
            <param index="1">
              <value>
                <![CDATA["View a Product"]]>
              </value>
            </param>
          </params>
          <reporter-output>
          </reporter-output>
        </test-method> <!-- runScenario -->
        <test-method is-config="true" signature="tearDownClass()[pri:0, instance:com.qa.runner.TestRunnertestng@385c9627]" started-at="2022-10-09T21:22:19 IST" name="tearDownClass" finished-at="2022-10-09T21:22:20 IST" duration-ms="163" status="PASS">
          <reporter-output>
          </reporter-output>
        </test-method> <!-- tearDownClass -->
      </class> <!-- com.qa.runner.TestRunnertestng -->
    </test> <!-- Default test -->
  </suite> <!-- Default suite -->
</testng-results>
